<?xml version="1.0" encoding="UTF-8" standalone="no"?><testsuite errors="1" failures="8" name="Register New Member" skipped="0" tests="11" time="106.21" timestamp="2022-11-13 10:58:29"><testcase name="Verify register new member with Common Delimiter on field name"><failure message="expected: &lt;true&gt; but was: &lt;false&gt;" type="org.opentest4j.AssertionFailedError">expected: &lt;true&gt; but was: &lt;false&gt;</failure><system-err>expected: &lt;true&gt; but was: &lt;false&gt;&#13;
mentutor.Interactions.UserInteractions.isMessageDisplayed(UserInteractions.java:154)&#13;
mentutor.StepDefs.Login.LoginStepDefs.messageAppeared(LoginStepDefs.java:68)&#13;
✽.Message Not Allowed Fullname Format appeared(file:///C:/Users/isyah/Desktop/CAPSTONE/Testing/QE-UI/src/test/resources/features/registerUser/registerNewUser.feature:46)&#13;
</system-err></testcase><testcase name="Verify register new member with Leading Space on field name"><failure message="expected: &lt;true&gt; but was: &lt;false&gt;" type="org.opentest4j.AssertionFailedError">expected: &lt;true&gt; but was: &lt;false&gt;</failure><system-err>expected: &lt;true&gt; but was: &lt;false&gt;&#13;
mentutor.Interactions.UserInteractions.isMessageDisplayed(UserInteractions.java:154)&#13;
mentutor.StepDefs.Login.LoginStepDefs.messageAppeared(LoginStepDefs.java:68)&#13;
✽.Message Not allowed name format appeared(file:///C:/Users/isyah/Desktop/CAPSTONE/Testing/QE-UI/src/test/resources/features/registerUser/registerNewUser.feature:61)&#13;
</system-err></testcase><testcase name="Verify register new member with End-of-Line Characters(^M) on field name"><failure message="expected: &lt;true&gt; but was: &lt;false&gt;" type="org.opentest4j.AssertionFailedError">expected: &lt;true&gt; but was: &lt;false&gt;</failure><system-err>expected: &lt;true&gt; but was: &lt;false&gt;&#13;
mentutor.Interactions.UserInteractions.isMessageDisplayed(UserInteractions.java:154)&#13;
mentutor.StepDefs.Login.LoginStepDefs.messageAppeared(LoginStepDefs.java:68)&#13;
✽.Message Not allowed name format appeared(file:///C:/Users/isyah/Desktop/CAPSTONE/Testing/QE-UI/src/test/resources/features/registerUser/registerNewUser.feature:66)&#13;
</system-err></testcase><testcase name="Verify register new member with Emoji on field name"><failure message="expected: &lt;true&gt; but was: &lt;false&gt;" type="org.opentest4j.AssertionFailedError">expected: &lt;true&gt; but was: &lt;false&gt;</failure><system-err>expected: &lt;true&gt; but was: &lt;false&gt;&#13;
mentutor.Interactions.UserInteractions.isMessageDisplayed(UserInteractions.java:154)&#13;
mentutor.StepDefs.Login.LoginStepDefs.messageAppeared(LoginStepDefs.java:68)&#13;
✽.Message Not allowed format appeared(file:///C:/Users/isyah/Desktop/CAPSTONE/Testing/QE-UI/src/test/resources/features/registerUser/registerNewUser.feature:76)&#13;
</system-err></testcase><testcase name="Verify register new member with more than allowed characters ammount on field email"><failure message="expected: &lt;true&gt; but was: &lt;false&gt;" type="org.opentest4j.AssertionFailedError">expected: &lt;true&gt; but was: &lt;false&gt;</failure><system-err>expected: &lt;true&gt; but was: &lt;false&gt;&#13;
mentutor.Interactions.UserInteractions.isMessageDisplayed(UserInteractions.java:154)&#13;
mentutor.StepDefs.Login.LoginStepDefs.messageAppeared(LoginStepDefs.java:68)&#13;
✽.Message Email must not exceed 30 characters appeared(file:///C:/Users/isyah/Desktop/CAPSTONE/Testing/QE-UI/src/test/resources/features/registerUser/registerNewUser.feature:115)&#13;
</system-err></testcase><testcase name="Verify email is unique value"><failure message="expected: &lt;true&gt; but was: &lt;false&gt;" type="org.opentest4j.AssertionFailedError">expected: &lt;true&gt; but was: &lt;false&gt;</failure><system-err>expected: &lt;true&gt; but was: &lt;false&gt;&#13;
mentutor.Interactions.UserInteractions.isMessageDisplayed(UserInteractions.java:154)&#13;
mentutor.StepDefs.Login.LoginStepDefs.messageAppeared(LoginStepDefs.java:68)&#13;
✽.Message Email already registered appeared(file:///C:/Users/isyah/Desktop/CAPSTONE/Testing/QE-UI/src/test/resources/features/registerUser/registerNewUser.feature:124)&#13;
</system-err></testcase><testcase name="Verify if Role field can not be typed directly"/><testcase name="Verify register new member with less than allowed characters ammount on field password"/><testcase name="Verify register new member without special char on field password"><error message="Element &lt;div id=&quot;nav-member&quot; class=&quot;flex flex-row space-x-0 md:space-x-8 items-center active:text-button hover:text-button cursor-pointer&quot;&gt; is not clickable at point (160,286) because another element &lt;div class=&quot;swal2-container swal2-center swal2-backdrop-hide&quot;&gt; obscures it&#10;Build info: version: '4.4.0', revision: 'e5c75ed026a'&#10;System info: host: 'MSI', ip: '192.168.1.5', os.name: 'Windows 10', os.arch: 'amd64', os.version: '10.0', java.version: '1.8.0_341'&#10;Driver info: org.openqa.selenium.firefox.FirefoxDriver&#10;Command: [a2c33bed-116e-4c05-8d3e-84b55bfab986, clickElement {id=b8d35284-100c-4562-bd6d-44b6d47643c0}]&#10;Capabilities {acceptInsecureCerts: true, browserName: firefox, browserVersion: 105.0.3, moz:accessibilityChecks: false, moz:buildID: 20221007134813, moz:debuggerAddress: 127.0.0.1:54086, moz:geckodriverVersion: 0.32.0, moz:headless: false, moz:platformVersion: 10.0, moz:processID: 15952, moz:profile: C:\Users\isyah\AppData\Loca..., moz:shutdownTimeout: 60000, moz:useNonSpecCompliantPointerOrigin: false, moz:webdriverClick: true, moz:windowless: false, pageLoadStrategy: normal, platformName: WINDOWS, proxy: Proxy(), se:cdp: ws://127.0.0.1:54086/devtoo..., se:cdpVersion: 85.0, setWindowRect: true, strictFileInteractability: false, timeouts: {implicit: 0, pageLoad: 300000, script: 30000}, unhandledPromptBehavior: dismiss and notify}&#10;Element: [[FirefoxDriver: firefox on WINDOWS (a2c33bed-116e-4c05-8d3e-84b55bfab986)] -&gt; id: nav-member]&#10;Session ID: a2c33bed-116e-4c05-8d3e-84b55bfab986&#10;Build info: version: '4.4.0', revision: 'e5c75ed026a'&#10;System info: host: 'MSI', ip: '192.168.1.5', os.name: 'Windows 10', os.arch: 'amd64', os.version: '10.0', java.version: '1.8.0_341'&#10;Driver info: driver.version: unknown" type="org.openqa.selenium.ElementClickInterceptedException">Element &lt;div id="nav-member" class="flex flex-row space-x-0 md:space-x-8 items-center active:text-button hover:text-button cursor-pointer"&gt; is not clickable at point (160,286) because another element &lt;div class="swal2-container swal2-center swal2-backdrop-hide"&gt; obscures it
Build info: version: '4.4.0', revision: 'e5c75ed026a'
System info: host: 'MSI', ip: '192.168.1.5', os.name: 'Windows 10', os.arch: 'amd64', os.version: '10.0', java.version: '1.8.0_341'
Driver info: org.openqa.selenium.firefox.FirefoxDriver
Command: [a2c33bed-116e-4c05-8d3e-84b55bfab986, clickElement {id=b8d35284-100c-4562-bd6d-44b6d47643c0}]
Capabilities {acceptInsecureCerts: true, browserName: firefox, browserVersion: 105.0.3, moz:accessibilityChecks: false, moz:buildID: 20221007134813, moz:debuggerAddress: 127.0.0.1:54086, moz:geckodriverVersion: 0.32.0, moz:headless: false, moz:platformVersion: 10.0, moz:processID: 15952, moz:profile: C:\Users\isyah\AppData\Loca..., moz:shutdownTimeout: 60000, moz:useNonSpecCompliantPointerOrigin: false, moz:webdriverClick: true, moz:windowless: false, pageLoadStrategy: normal, platformName: WINDOWS, proxy: Proxy(), se:cdp: ws://127.0.0.1:54086/devtoo..., se:cdpVersion: 85.0, setWindowRect: true, strictFileInteractability: false, timeouts: {implicit: 0, pageLoad: 300000, script: 30000}, unhandledPromptBehavior: dismiss and notify}
Element: [[FirefoxDriver: firefox on WINDOWS (a2c33bed-116e-4c05-8d3e-84b55bfab986)] -&gt; id: nav-member]
Session ID: a2c33bed-116e-4c05-8d3e-84b55bfab986
Build info: version: '4.4.0', revision: 'e5c75ed026a'
System info: host: 'MSI', ip: '192.168.1.5', os.name: 'Windows 10', os.arch: 'amd64', os.version: '10.0', java.version: '1.8.0_341'
Driver info: driver.version: unknown</error><system-err>Element &lt;div id="nav-member" class="flex flex-row space-x-0 md:space-x-8 items-center active:text-button hover:text-button cursor-pointer"&gt; is not clickable at point (160,286) because another element &lt;div class="swal2-container swal2-center swal2-backdrop-hide"&gt; obscures it
Build info: version: '4.4.0', revision: 'e5c75ed026a'
System info: host: 'MSI', ip: '192.168.1.5', os.name: 'Windows 10', os.arch: 'amd64', os.version: '10.0', java.version: '1.8.0_341'
Driver info: org.openqa.selenium.firefox.FirefoxDriver
Command: [a2c33bed-116e-4c05-8d3e-84b55bfab986, clickElement {id=b8d35284-100c-4562-bd6d-44b6d47643c0}]
Capabilities {acceptInsecureCerts: true, browserName: firefox, browserVersion: 105.0.3, moz:accessibilityChecks: false, moz:buildID: 20221007134813, moz:debuggerAddress: 127.0.0.1:54086, moz:geckodriverVersion: 0.32.0, moz:headless: false, moz:platformVersion: 10.0, moz:processID: 15952, moz:profile: C:\Users\isyah\AppData\Loca..., moz:shutdownTimeout: 60000, moz:useNonSpecCompliantPointerOrigin: false, moz:webdriverClick: true, moz:windowless: false, pageLoadStrategy: normal, platformName: WINDOWS, proxy: Proxy(), se:cdp: ws://127.0.0.1:54086/devtoo..., se:cdpVersion: 85.0, setWindowRect: true, strictFileInteractability: false, timeouts: {implicit: 0, pageLoad: 300000, script: 30000}, unhandledPromptBehavior: dismiss and notify}
Element: [[FirefoxDriver: firefox on WINDOWS (a2c33bed-116e-4c05-8d3e-84b55bfab986)] -&gt; id: nav-member]
Session ID: a2c33bed-116e-4c05-8d3e-84b55bfab986
Build info: version: '4.4.0', revision: 'e5c75ed026a'
System info: host: 'MSI', ip: '192.168.1.5', os.name: 'Windows 10', os.arch: 'amd64', os.version: '10.0', java.version: '1.8.0_341'
Driver info: driver.version: unknown&#13;
mentutor.Page.AdminHomePage.clickElement(AdminHomePage.java:75)&#13;
mentutor.Page.AdminHomePage.clickNavPage(AdminHomePage.java:104)&#13;
mentutor.StepDefs.AdminHome.AdminHomeStepDef.userClickNavOptionOnAdminPage(AdminHomeStepDef.java:22)&#13;
✽.User click nav option Member on Admin Page(file:///C:/Users/isyah/Desktop/CAPSTONE/Testing/QE-UI/src/test/resources/features/registerUser/registerNewUser.feature:10)&#13;
</system-err></testcase><testcase name="Verify password is masked when eye icon is not clicked"><failure/></testcase><testcase name="Verify password is masked when eye icon is clicked"><failure/></testcase></testsuite>